<?xml version="1.0" encoding="UTF-8"?>
<!-- Generated by org.testng.reporters.JUnitReportReporter -->
<testsuite hostname="Sangrambadis-MacBook-Air.local" failures="0" tests="1" name="test.ClickTest" time="10.058" errors="0" timestamp="2022-05-28T08:36:46 IST" skipped="0">
  <testcase classname="test.ClickTest" name="clickTest" time="10.058"/>
  <system-out/>
</testsuite> <!-- test.ClickTest -->
