<?xml version="1.0" encoding="UTF-8"?>
<!-- Generated by org.testng.reporters.JUnitReportReporter -->
<testsuite hostname="Sangrambadis-MacBook-Air.local" failures="0" tests="3" name="test.LogInTest" time="32.971" errors="0" timestamp="2022-05-28T14:38:34 IST" skipped="0">
  <testcase classname="test.LogInTest" name="logInTestWithOutCredentials" time="11.548"/>
  <system-out/>
  <testcase classname="test.LogInTest" name="logInTest" time="14.080"/>
  <system-out/>
  <testcase classname="test.LogInTest" name="logInHomePageLabelTest" time="7.343"/>
  <system-out/>
</testsuite> <!-- test.LogInTest -->
